{"E:\\JS\\node-course\\express-start\\src\\app.ts": {"path":"E:\\JS\\node-course\\express-start\\src\\app.ts","statementMap":{"0":{"start":{"line":1,"column":0},"end":{"line":1,"column":43}},"1":{"start":{"line":3,"column":0},"end":{"line":3,"column":58}},"2":{"start":{"line":4,"column":0},"end":{"line":4,"column":60}},"3":{"start":{"line":6,"column":0},"end":{"line":6,"column":47}},"4":{"start":{"line":7,"column":0},"end":{"line":7,"column":32}},"5":{"start":{"line":8,"column":0},"end":{"line":8,"column":26}},"6":{"start":{"line":9,"column":0},"end":{"line":9,"column":35}},"7":{"start":{"line":11,"column":0},"end":{"line":11,"column":58}},"8":{"start":{"line":15,"column":0},"end":{"line":57,"column":null}},"9":{"start":{"line":21,"column":33},"end":{"line":21,"column":48}},"10":{"start":{"line":22,"column":40},"end":{"line":22,"column":56}},"11":{"start":{"line":23,"column":41},"end":{"line":23,"column":58}},"12":{"start":{"line":24,"column":39},"end":{"line":24,"column":68}},"13":{"start":{"line":25,"column":39},"end":{"line":25,"column":68}},"14":{"start":{"line":27,"column":2},"end":{"line":27,"column":23}},"15":{"start":{"line":28,"column":2},"end":{"line":28,"column":19}},"16":{"start":{"line":32,"column":2},"end":{"line":32,"column":23}},"17":{"start":{"line":33,"column":25},"end":{"line":33,"column":81}},"18":{"start":{"line":34,"column":2},"end":{"line":34,"column":60}},"19":{"start":{"line":38,"column":2},"end":{"line":38,"column":53}},"20":{"start":{"line":42,"column":2},"end":{"line":42,"column":70}},"21":{"start":{"line":46,"column":2},"end":{"line":46,"column":23}},"22":{"start":{"line":47,"column":2},"end":{"line":47,"column":19}},"23":{"start":{"line":48,"column":2},"end":{"line":48,"column":29}},"24":{"start":{"line":49,"column":2},"end":{"line":49,"column":37}},"25":{"start":{"line":50,"column":2},"end":{"line":50,"column":43}},"26":{"start":{"line":51,"column":2},"end":{"line":51,"column":59}},"27":{"start":{"line":55,"column":2},"end":{"line":55,"column":22}},"28":{"start":{"line":15,"column":13},"end":{"line":57,"column":null}},"29":{"start":{"line":15,"column":13},"end":{"line":15,"column":16}}},"fnMap":{"0":{"name":"(anonymous_12)","decl":{"start":{"line":20,"column":1},"end":{"line":20,"column":null}},"loc":{"start":{"line":25,"column":68},"end":{"line":29,"column":2}}},"1":{"name":"(anonymous_13)","decl":{"start":{"line":31,"column":1},"end":{"line":31,"column":14}},"loc":{"start":{"line":31,"column":14},"end":{"line":35,"column":2}}},"2":{"name":"(anonymous_14)","decl":{"start":{"line":37,"column":1},"end":{"line":37,"column":10}},"loc":{"start":{"line":37,"column":10},"end":{"line":39,"column":2}}},"3":{"name":"(anonymous_15)","decl":{"start":{"line":41,"column":1},"end":{"line":41,"column":20}},"loc":{"start":{"line":41,"column":20},"end":{"line":43,"column":2}}},"4":{"name":"(anonymous_16)","decl":{"start":{"line":45,"column":14},"end":{"line":45,"column":18}},"loc":{"start":{"line":45,"column":18},"end":{"line":52,"column":null}}},"5":{"name":"(anonymous_18)","decl":{"start":{"line":54,"column":8},"end":{"line":54,"column":13}},"loc":{"start":{"line":54,"column":13},"end":{"line":56,"column":2}}}},"branchMap":{},"s":{"0":1,"1":1,"2":1,"3":1,"4":1,"5":1,"6":1,"7":1,"8":1,"9":1,"10":1,"11":1,"12":1,"13":1,"14":1,"15":1,"16":1,"17":1,"18":1,"19":1,"20":1,"21":1,"22":1,"23":1,"24":1,"25":1,"26":1,"27":1,"28":1,"29":1},"f":{"0":1,"1":1,"2":1,"3":1,"4":1,"5":1},"b":{}}
,"E:\\JS\\node-course\\express-start\\src\\main.ts": {"path":"E:\\JS\\node-course\\express-start\\src\\main.ts","statementMap":{"0":{"start":{"line":1,"column":0},"end":{"line":1,"column":28}},"1":{"start":{"line":2,"column":0},"end":{"line":2,"column":56}},"2":{"start":{"line":3,"column":0},"end":{"line":3,"column":60}},"3":{"start":{"line":4,"column":0},"end":{"line":4,"column":67}},"4":{"start":{"line":6,"column":0},"end":{"line":6,"column":32}},"5":{"start":{"line":8,"column":0},"end":{"line":8,"column":57}},"6":{"start":{"line":10,"column":0},"end":{"line":10,"column":56}},"7":{"start":{"line":12,"column":0},"end":{"line":12,"column":58}},"8":{"start":{"line":14,"column":0},"end":{"line":14,"column":59}},"9":{"start":{"line":21,"column":13},"end":{"line":28,"column":3}},"10":{"start":{"line":22,"column":1},"end":{"line":22,"column":67}},"11":{"start":{"line":23,"column":1},"end":{"line":23,"column":67}},"12":{"start":{"line":24,"column":1},"end":{"line":24,"column":80}},"13":{"start":{"line":25,"column":1},"end":{"line":25,"column":85}},"14":{"start":{"line":26,"column":1},"end":{"line":26,"column":80}},"15":{"start":{"line":27,"column":1},"end":{"line":27,"column":38}},"16":{"start":{"line":30,"column":18},"end":{"line":36,"column":2}},"17":{"start":{"line":30,"column":56},"end":{"line":36,"column":2}},"18":{"start":{"line":31,"column":22},"end":{"line":31,"column":37}},"19":{"start":{"line":32,"column":1},"end":{"line":32,"column":47}},"20":{"start":{"line":33,"column":13},"end":{"line":33,"column":53}},"21":{"start":{"line":34,"column":1},"end":{"line":34,"column":18}},"22":{"start":{"line":35,"column":1},"end":{"line":35,"column":30}},"23":{"start":{"line":38,"column":13},"end":{"line":38,"column":32}}},"fnMap":{"0":{"name":"(anonymous_7)","decl":{"start":{"line":21,"column":47},"end":{"line":21,"column":48}},"loc":{"start":{"line":21,"column":73},"end":{"line":28,"column":1}}},"1":{"name":"(anonymous_8)","decl":{"start":{"line":30,"column":18},"end":{"line":30,"column":54}},"loc":{"start":{"line":30,"column":56},"end":{"line":36,"column":2}}},"2":{"name":"(anonymous_9)","decl":{"start":{"line":30,"column":56},"end":{"line":30,"column":null}},"loc":{"start":{"line":30,"column":56},"end":{"line":36,"column":1}}}},"branchMap":{},"s":{"0":1,"1":1,"2":1,"3":1,"4":1,"5":1,"6":1,"7":1,"8":1,"9":1,"10":1,"11":1,"12":1,"13":1,"14":1,"15":1,"16":1,"17":1,"18":1,"19":1,"20":1,"21":1,"22":1,"23":1},"f":{"0":1,"1":1,"2":1},"b":{}}
,"E:\\JS\\node-course\\express-start\\src\\types.ts": {"path":"E:\\JS\\node-course\\express-start\\src\\types.ts","statementMap":{"0":{"start":{"line":1,"column":13},"end":{"line":10,"column":2}}},"fnMap":{},"branchMap":{},"s":{"0":1},"f":{},"b":{}}
,"E:\\JS\\node-course\\express-start\\src\\common\\auth.middleware.ts": {"path":"E:\\JS\\node-course\\express-start\\src\\common\\auth.middleware.ts","statementMap":{"0":{"start":{"line":3,"column":0},"end":{"line":3,"column":38}},"1":{"start":{"line":6,"column":21},"end":{"line":6,"column":35}},"2":{"start":{"line":9,"column":2},"end":{"line":21,"column":null}},"3":{"start":{"line":10,"column":21},"end":{"line":10,"column":57}},"4":{"start":{"line":11,"column":3},"end":{"line":18,"column":6}},"5":{"start":{"line":12,"column":4},"end":{"line":17,"column":null}},"6":{"start":{"line":13,"column":5},"end":{"line":13,"column":12}},"7":{"start":{"line":14,"column":11},"end":{"line":17,"column":null}},"8":{"start":{"line":15,"column":5},"end":{"line":15,"column":30}},"9":{"start":{"line":16,"column":5},"end":{"line":16,"column":12}},"10":{"start":{"line":20,"column":3},"end":{"line":20,"column":10}},"11":{"start":{"line":5,"column":0},"end":{"line":5,"column":13}}},"fnMap":{"0":{"name":"(anonymous_0)","decl":{"start":{"line":6,"column":1},"end":{"line":6,"column":21}},"loc":{"start":{"line":6,"column":35},"end":{"line":6,"column":39}}},"1":{"name":"(anonymous_1)","decl":{"start":{"line":8,"column":1},"end":{"line":8,"column":8}},"loc":{"start":{"line":8,"column":56},"end":{"line":22,"column":2}}},"2":{"name":"(anonymous_2)","decl":{"start":{"line":11,"column":30},"end":{"line":11,"column":31}},"loc":{"start":{"line":11,"column":47},"end":{"line":18,"column":4}}}},"branchMap":{"0":{"loc":{"start":{"line":9,"column":2},"end":{"line":21,"column":null}},"type":"if","locations":[{"start":{"line":9,"column":2},"end":{"line":21,"column":null}},{"start":{"line":19,"column":9},"end":{"line":21,"column":null}}]},"1":{"loc":{"start":{"line":12,"column":4},"end":{"line":17,"column":null}},"type":"if","locations":[{"start":{"line":12,"column":4},"end":{"line":17,"column":null}},{"start":{"line":14,"column":11},"end":{"line":17,"column":null}}]},"2":{"loc":{"start":{"line":14,"column":11},"end":{"line":17,"column":null}},"type":"if","locations":[{"start":{"line":14,"column":11},"end":{"line":17,"column":null}}]}},"s":{"0":1,"1":1,"2":5,"3":1,"4":1,"5":1,"6":0,"7":1,"8":1,"9":1,"10":4,"11":1},"f":{"0":1,"1":5,"2":1},"b":{"0":[1,4],"1":[0,1],"2":[1]}}
,"E:\\JS\\node-course\\express-start\\src\\common\\base.controller.ts": {"path":"E:\\JS\\node-course\\express-start\\src\\common\\base.controller.ts","statementMap":{"0":{"start":{"line":1,"column":0},"end":{"line":1,"column":52}},"1":{"start":{"line":4,"column":0},"end":{"line":4,"column":47}},"2":{"start":{"line":5,"column":0},"end":{"line":5,"column":26}},"3":{"start":{"line":9,"column":0},"end":{"line":44,"column":null}},"4":{"start":{"line":14,"column":2},"end":{"line":14,"column":23}},"5":{"start":{"line":15,"column":2},"end":{"line":15,"column":26}},"6":{"start":{"line":19,"column":2},"end":{"line":19,"column":22}},"7":{"start":{"line":23,"column":2},"end":{"line":23,"column":31}},"8":{"start":{"line":24,"column":2},"end":{"line":24,"column":40}},"9":{"start":{"line":28,"column":2},"end":{"line":28,"column":41}},"10":{"start":{"line":32,"column":2},"end":{"line":32,"column":29}},"11":{"start":{"line":36,"column":2},"end":{"line":42,"column":null}},"12":{"start":{"line":37,"column":3},"end":{"line":37,"column":52}},"13":{"start":{"line":38,"column":22},"end":{"line":38,"column":70}},"14":{"start":{"line":38,"column":52},"end":{"line":38,"column":69}},"15":{"start":{"line":39,"column":19},"end":{"line":39,"column":44}},"16":{"start":{"line":40,"column":20},"end":{"line":40,"column":67}},"17":{"start":{"line":41,"column":3},"end":{"line":41,"column":51}},"18":{"start":{"line":9,"column":22},"end":{"line":44,"column":null}},"19":{"start":{"line":9,"column":22},"end":{"line":9,"column":36}}},"fnMap":{"0":{"name":"(anonymous_2)","decl":{"start":{"line":13,"column":1},"end":{"line":13,"column":13}},"loc":{"start":{"line":13,"column":28},"end":{"line":16,"column":2}}},"1":{"name":"(anonymous_3)","decl":{"start":{"line":18,"column":1},"end":{"line":18,"column":5}},"loc":{"start":{"line":18,"column":11},"end":{"line":20,"column":2}}},"2":{"name":"(anonymous_4)","decl":{"start":{"line":22,"column":8},"end":{"line":22,"column":12}},"loc":{"start":{"line":22,"column":55},"end":{"line":25,"column":2}}},"3":{"name":"(anonymous_5)","decl":{"start":{"line":27,"column":8},"end":{"line":27,"column":10}},"loc":{"start":{"line":27,"column":39},"end":{"line":29,"column":2}}},"4":{"name":"(anonymous_6)","decl":{"start":{"line":31,"column":8},"end":{"line":31,"column":14}},"loc":{"start":{"line":31,"column":28},"end":{"line":33,"column":2}}},"5":{"name":"(anonymous_7)","decl":{"start":{"line":35,"column":11},"end":{"line":35,"column":21}},"loc":{"start":{"line":35,"column":48},"end":{"line":43,"column":2}}},"6":{"name":"(anonymous_8)","decl":{"start":{"line":38,"column":45},"end":{"line":38,"column":46}},"loc":{"start":{"line":38,"column":52},"end":{"line":38,"column":69}}}},"branchMap":{"0":{"loc":{"start":{"line":38,"column":22},"end":{"line":38,"column":70}},"type":"cond-expr","locations":[{"start":{"line":38,"column":39},"end":{"line":38,"column":41}},{"start":{"line":38,"column":39},"end":{"line":38,"column":70}}]},"1":{"loc":{"start":{"line":38,"column":22},"end":{"line":38,"column":41}},"type":"binary-expr","locations":[{"start":{"line":38,"column":22},"end":{"line":38,"column":41}},{"start":{"line":38,"column":39},"end":{"line":38,"column":41}}]},"2":{"loc":{"start":{"line":40,"column":20},"end":{"line":40,"column":67}},"type":"cond-expr","locations":[{"start":{"line":40,"column":33},"end":{"line":40,"column":57}},{"start":{"line":40,"column":60},"end":{"line":40,"column":67}}]}},"s":{"0":1,"1":1,"2":1,"3":1,"4":1,"5":1,"6":4,"7":3,"8":3,"9":3,"10":0,"11":1,"12":3,"13":3,"14":3,"15":3,"16":3,"17":3,"18":1,"19":1},"f":{"0":1,"1":4,"2":3,"3":3,"4":0,"5":1,"6":3},"b":{"0":[0,3],"1":[3,3],"2":[3,0]}}
,"E:\\JS\\node-course\\express-start\\src\\common\\guard.middleware.ts": {"path":"E:\\JS\\node-course\\express-start\\src\\common\\guard.middleware.ts","statementMap":{"0":{"start":{"line":6,"column":2},"end":{"line":8,"column":null}},"1":{"start":{"line":7,"column":3},"end":{"line":7,"column":17}},"2":{"start":{"line":9,"column":2},"end":{"line":9,"column":49}},"3":{"start":{"line":4,"column":0},"end":{"line":4,"column":13}}},"fnMap":{"0":{"name":"(anonymous_0)","decl":{"start":{"line":5,"column":1},"end":{"line":5,"column":8}},"loc":{"start":{"line":5,"column":56},"end":{"line":10,"column":2}}}},"branchMap":{"0":{"loc":{"start":{"line":6,"column":2},"end":{"line":8,"column":null}},"type":"if","locations":[{"start":{"line":6,"column":2},"end":{"line":8,"column":null}}]}},"s":{"0":1,"1":1,"2":0,"3":1},"f":{"0":1},"b":{"0":[1]}}
,"E:\\JS\\node-course\\express-start\\src\\common\\validate.middleware.ts": {"path":"E:\\JS\\node-course\\express-start\\src\\common\\validate.middleware.ts","statementMap":{"0":{"start":{"line":3,"column":0},"end":{"line":3,"column":39}},"1":{"start":{"line":4,"column":0},"end":{"line":4,"column":70}},"2":{"start":{"line":5,"column":0},"end":{"line":5,"column":43}},"3":{"start":{"line":8,"column":0},"end":{"line":21,"column":null}},"4":{"start":{"line":9,"column":21},"end":{"line":9,"column":62}},"5":{"start":{"line":12,"column":19},"end":{"line":12,"column":62}},"6":{"start":{"line":13,"column":2},"end":{"line":19,"column":5}},"7":{"start":{"line":14,"column":3},"end":{"line":18,"column":null}},"8":{"start":{"line":15,"column":4},"end":{"line":15,"column":33}},"9":{"start":{"line":17,"column":4},"end":{"line":17,"column":11}},"10":{"start":{"line":8,"column":13},"end":{"line":21,"column":null}},"11":{"start":{"line":8,"column":13},"end":{"line":8,"column":31}}},"fnMap":{"0":{"name":"(anonymous_2)","decl":{"start":{"line":9,"column":1},"end":{"line":9,"column":21}},"loc":{"start":{"line":9,"column":62},"end":{"line":9,"column":66}}},"1":{"name":"(anonymous_3)","decl":{"start":{"line":11,"column":1},"end":{"line":11,"column":8}},"loc":{"start":{"line":11,"column":61},"end":{"line":20,"column":2}}},"2":{"name":"(anonymous_4)","decl":{"start":{"line":13,"column":26},"end":{"line":13,"column":27}},"loc":{"start":{"line":13,"column":37},"end":{"line":19,"column":3}}}},"branchMap":{"0":{"loc":{"start":{"line":14,"column":3},"end":{"line":18,"column":null}},"type":"if","locations":[{"start":{"line":14,"column":3},"end":{"line":18,"column":null}},{"start":{"line":16,"column":10},"end":{"line":18,"column":null}}]}},"s":{"0":1,"1":1,"2":1,"3":1,"4":2,"5":4,"6":4,"7":4,"8":1,"9":3,"10":1,"11":1},"f":{"0":2,"1":4,"2":4},"b":{"0":[1,3]}}
,"E:\\JS\\node-course\\express-start\\src\\config\\config.service.ts": {"path":"E:\\JS\\node-course\\express-start\\src\\config\\config.service.ts","statementMap":{"0":{"start":{"line":2,"column":0},"end":{"line":2,"column":71}},"1":{"start":{"line":3,"column":0},"end":{"line":3,"column":47}},"2":{"start":{"line":4,"column":0},"end":{"line":4,"column":33}},"3":{"start":{"line":8,"column":0},"end":{"line":23,"column":null}},"4":{"start":{"line":11,"column":44},"end":{"line":11,"column":59}},"5":{"start":{"line":12,"column":37},"end":{"line":12,"column":45}},"6":{"start":{"line":13,"column":2},"end":{"line":18,"column":null}},"7":{"start":{"line":14,"column":3},"end":{"line":14,"column":43}},"8":{"start":{"line":16,"column":3},"end":{"line":16,"column":63}},"9":{"start":{"line":17,"column":3},"end":{"line":17,"column":52}},"10":{"start":{"line":21,"column":2},"end":{"line":21,"column":26}},"11":{"start":{"line":8,"column":13},"end":{"line":23,"column":null}},"12":{"start":{"line":8,"column":13},"end":{"line":8,"column":26}}},"fnMap":{"0":{"name":"(anonymous_4)","decl":{"start":{"line":11,"column":1},"end":{"line":11,"column":14}},"loc":{"start":{"line":11,"column":59},"end":{"line":19,"column":2}}},"1":{"name":"(anonymous_5)","decl":{"start":{"line":20,"column":1},"end":{"line":20,"column":4}},"loc":{"start":{"line":20,"column":16},"end":{"line":22,"column":2}}}},"branchMap":{"0":{"loc":{"start":{"line":13,"column":2},"end":{"line":18,"column":null}},"type":"if","locations":[{"start":{"line":13,"column":2},"end":{"line":18,"column":null}},{"start":{"line":15,"column":9},"end":{"line":18,"column":null}}]}},"s":{"0":1,"1":1,"2":1,"3":1,"4":1,"5":1,"6":1,"7":0,"8":1,"9":1,"10":3,"11":1,"12":1},"f":{"0":1,"1":3},"b":{"0":[0,1]}}
,"E:\\JS\\node-course\\express-start\\src\\database\\prisma.service.ts": {"path":"E:\\JS\\node-course\\express-start\\src\\database\\prisma.service.ts","statementMap":{"0":{"start":{"line":1,"column":0},"end":{"line":1,"column":47}},"1":{"start":{"line":2,"column":0},"end":{"line":2,"column":57}},"2":{"start":{"line":4,"column":0},"end":{"line":4,"column":33}},"3":{"start":{"line":8,"column":0},"end":{"line":31,"column":null}},"4":{"start":{"line":11,"column":44},"end":{"line":11,"column":59}},"5":{"start":{"line":12,"column":2},"end":{"line":12,"column":35}},"6":{"start":{"line":16,"column":2},"end":{"line":25,"column":null}},"7":{"start":{"line":17,"column":3},"end":{"line":17,"column":32}},"8":{"start":{"line":18,"column":3},"end":{"line":18,"column":60}},"9":{"start":{"line":20,"column":3},"end":{"line":24,"column":null}},"10":{"start":{"line":21,"column":4},"end":{"line":23,"column":6}},"11":{"start":{"line":29,"column":2},"end":{"line":29,"column":34}},"12":{"start":{"line":8,"column":13},"end":{"line":31,"column":null}},"13":{"start":{"line":8,"column":13},"end":{"line":8,"column":26}}},"fnMap":{"0":{"name":"(anonymous_11)","decl":{"start":{"line":11,"column":1},"end":{"line":11,"column":14}},"loc":{"start":{"line":11,"column":59},"end":{"line":13,"column":2}}},"1":{"name":"(anonymous_12)","decl":{"start":{"line":15,"column":7},"end":{"line":15,"column":14}},"loc":{"start":{"line":15,"column":14},"end":{"line":26,"column":null}}},"2":{"name":"(anonymous_14)","decl":{"start":{"line":28,"column":7},"end":{"line":28,"column":17}},"loc":{"start":{"line":28,"column":17},"end":{"line":30,"column":null}}}},"branchMap":{"0":{"loc":{"start":{"line":20,"column":3},"end":{"line":24,"column":null}},"type":"if","locations":[{"start":{"line":20,"column":3},"end":{"line":24,"column":null}}]}},"s":{"0":1,"1":1,"2":1,"3":1,"4":1,"5":1,"6":1,"7":1,"8":1,"9":0,"10":0,"11":0,"12":1,"13":1},"f":{"0":1,"1":1,"2":0},"b":{"0":[0]}}
,"E:\\JS\\node-course\\express-start\\src\\errors\\exception.filter.ts": {"path":"E:\\JS\\node-course\\express-start\\src\\errors\\exception.filter.ts","statementMap":{"0":{"start":{"line":3,"column":0},"end":{"line":3,"column":47}},"1":{"start":{"line":4,"column":0},"end":{"line":4,"column":47}},"2":{"start":{"line":6,"column":0},"end":{"line":6,"column":33}},"3":{"start":{"line":7,"column":0},"end":{"line":7,"column":26}},"4":{"start":{"line":10,"column":0},"end":{"line":22,"column":null}},"5":{"start":{"line":11,"column":44},"end":{"line":11,"column":59}},"6":{"start":{"line":14,"column":2},"end":{"line":20,"column":null}},"7":{"start":{"line":15,"column":3},"end":{"line":15,"column":77}},"8":{"start":{"line":16,"column":3},"end":{"line":16,"column":53}},"9":{"start":{"line":18,"column":3},"end":{"line":18,"column":39}},"10":{"start":{"line":19,"column":3},"end":{"line":19,"column":46}},"11":{"start":{"line":10,"column":13},"end":{"line":22,"column":null}},"12":{"start":{"line":10,"column":13},"end":{"line":10,"column":28}}},"fnMap":{"0":{"name":"(anonymous_4)","decl":{"start":{"line":11,"column":1},"end":{"line":11,"column":14}},"loc":{"start":{"line":11,"column":59},"end":{"line":11,"column":63}}},"1":{"name":"(anonymous_5)","decl":{"start":{"line":13,"column":1},"end":{"line":13,"column":6}},"loc":{"start":{"line":13,"column":78},"end":{"line":21,"column":2}}}},"branchMap":{"0":{"loc":{"start":{"line":14,"column":2},"end":{"line":20,"column":null}},"type":"if","locations":[{"start":{"line":14,"column":2},"end":{"line":20,"column":null}},{"start":{"line":17,"column":9},"end":{"line":20,"column":null}}]}},"s":{"0":1,"1":1,"2":1,"3":1,"4":1,"5":1,"6":1,"7":1,"8":1,"9":0,"10":0,"11":1,"12":1},"f":{"0":1,"1":1},"b":{"0":[1,0]}}
,"E:\\JS\\node-course\\express-start\\src\\errors\\http-error.class.ts": {"path":"E:\\JS\\node-course\\express-start\\src\\errors\\http-error.class.ts","statementMap":{"0":{"start":{"line":6,"column":2},"end":{"line":6,"column":17}},"1":{"start":{"line":7,"column":2},"end":{"line":7,"column":23}},"2":{"start":{"line":8,"column":2},"end":{"line":8,"column":25}},"3":{"start":{"line":9,"column":2},"end":{"line":9,"column":25}},"4":{"start":{"line":1,"column":0},"end":{"line":1,"column":13}}},"fnMap":{"0":{"name":"(anonymous_0)","decl":{"start":{"line":5,"column":1},"end":{"line":5,"column":13}},"loc":{"start":{"line":5,"column":62},"end":{"line":10,"column":2}}}},"branchMap":{},"s":{"0":1,"1":1,"2":1,"3":1,"4":1},"f":{"0":1},"b":{}}
,"E:\\JS\\node-course\\express-start\\src\\logger\\logger.service.ts": {"path":"E:\\JS\\node-course\\express-start\\src\\logger\\logger.service.ts","statementMap":{"0":{"start":{"line":1,"column":0},"end":{"line":1,"column":39}},"1":{"start":{"line":2,"column":0},"end":{"line":2,"column":31}},"2":{"start":{"line":4,"column":0},"end":{"line":4,"column":26}},"3":{"start":{"line":7,"column":0},"end":{"line":30,"column":null}},"4":{"start":{"line":11,"column":2},"end":{"line":16,"column":5}},"5":{"start":{"line":20,"column":2},"end":{"line":20,"column":28}},"6":{"start":{"line":24,"column":2},"end":{"line":24,"column":29}},"7":{"start":{"line":28,"column":2},"end":{"line":28,"column":28}},"8":{"start":{"line":7,"column":13},"end":{"line":30,"column":null}},"9":{"start":{"line":7,"column":13},"end":{"line":7,"column":26}}},"fnMap":{"0":{"name":"(anonymous_2)","decl":{"start":{"line":10,"column":1},"end":{"line":10,"column":null}},"loc":{"start":{"line":10,"column":1},"end":{"line":17,"column":2}}},"1":{"name":"(anonymous_3)","decl":{"start":{"line":19,"column":1},"end":{"line":19,"column":4}},"loc":{"start":{"line":19,"column":23},"end":{"line":21,"column":2}}},"2":{"name":"(anonymous_4)","decl":{"start":{"line":23,"column":1},"end":{"line":23,"column":6}},"loc":{"start":{"line":23,"column":25},"end":{"line":25,"column":2}}},"3":{"name":"(anonymous_5)","decl":{"start":{"line":27,"column":1},"end":{"line":27,"column":5}},"loc":{"start":{"line":27,"column":24},"end":{"line":29,"column":2}}}},"branchMap":{},"s":{"0":1,"1":1,"2":1,"3":1,"4":1,"5":6,"6":1,"7":0,"8":1,"9":1},"f":{"0":1,"1":6,"2":1,"3":0},"b":{}}
,"E:\\JS\\node-course\\express-start\\src\\users\\user.entity.ts": {"path":"E:\\JS\\node-course\\express-start\\src\\users\\user.entity.ts","statementMap":{"0":{"start":{"line":1,"column":0},"end":{"line":1,"column":41}},"1":{"start":{"line":7,"column":19},"end":{"line":7,"column":33}},"2":{"start":{"line":8,"column":19},"end":{"line":8,"column":32}},"3":{"start":{"line":11,"column":2},"end":{"line":11,"column":50}},"4":{"start":{"line":11,"column":20},"end":{"line":11,"column":50}},"5":{"start":{"line":15,"column":2},"end":{"line":15,"column":21}},"6":{"start":{"line":19,"column":2},"end":{"line":19,"column":20}},"7":{"start":{"line":23,"column":2},"end":{"line":23,"column":24}},"8":{"start":{"line":27,"column":2},"end":{"line":27,"column":42}},"9":{"start":{"line":31,"column":2},"end":{"line":31,"column":44}},"10":{"start":{"line":3,"column":0},"end":{"line":3,"column":13}}},"fnMap":{"0":{"name":"(anonymous_7)","decl":{"start":{"line":6,"column":1},"end":{"line":6,"column":null}},"loc":{"start":{"line":9,"column":23},"end":{"line":12,"column":2}}},"1":{"name":"(anonymous_8)","decl":{"start":{"line":14,"column":1},"end":{"line":14,"column":5}},"loc":{"start":{"line":14,"column":10},"end":{"line":16,"column":2}}},"2":{"name":"(anonymous_9)","decl":{"start":{"line":18,"column":1},"end":{"line":18,"column":5}},"loc":{"start":{"line":18,"column":9},"end":{"line":20,"column":2}}},"3":{"name":"(anonymous_10)","decl":{"start":{"line":22,"column":1},"end":{"line":22,"column":5}},"loc":{"start":{"line":22,"column":13},"end":{"line":24,"column":2}}},"4":{"name":"(anonymous_11)","decl":{"start":{"line":26,"column":14},"end":{"line":26,"column":25}},"loc":{"start":{"line":26,"column":52},"end":{"line":28,"column":null}}},"5":{"name":"(anonymous_13)","decl":{"start":{"line":30,"column":14},"end":{"line":30,"column":29}},"loc":{"start":{"line":30,"column":42},"end":{"line":32,"column":null}}}},"branchMap":{"0":{"loc":{"start":{"line":11,"column":2},"end":{"line":11,"column":50}},"type":"if","locations":[{"start":{"line":11,"column":2},"end":{"line":11,"column":50}}]}},"s":{"0":1,"1":2,"2":2,"3":2,"4":2,"5":0,"6":0,"7":2,"8":0,"9":2,"10":1},"f":{"0":2,"1":0,"2":0,"3":2,"4":0,"5":2},"b":{"0":[2]}}
,"E:\\JS\\node-course\\express-start\\src\\users\\user.service.ts": {"path":"E:\\JS\\node-course\\express-start\\src\\users\\user.service.ts","statementMap":{"0":{"start":{"line":4,"column":0},"end":{"line":4,"column":47}},"1":{"start":{"line":5,"column":0},"end":{"line":5,"column":37}},"2":{"start":{"line":6,"column":0},"end":{"line":6,"column":33}},"3":{"start":{"line":12,"column":0},"end":{"line":44,"column":null}},"4":{"start":{"line":14,"column":39},"end":{"line":14,"column":68}},"5":{"start":{"line":15,"column":40},"end":{"line":15,"column":73}},"6":{"start":{"line":19,"column":20},"end":{"line":19,"column":58}},"7":{"start":{"line":20,"column":2},"end":{"line":27,"column":null}},"8":{"start":{"line":21,"column":3},"end":{"line":21,"column":15}},"9":{"start":{"line":23,"column":16},"end":{"line":23,"column":37}},"10":{"start":{"line":24,"column":16},"end":{"line":24,"column":54}},"11":{"start":{"line":25,"column":3},"end":{"line":25,"column":42}},"12":{"start":{"line":26,"column":3},"end":{"line":26,"column":44}},"13":{"start":{"line":31,"column":20},"end":{"line":31,"column":58}},"14":{"start":{"line":32,"column":2},"end":{"line":38,"column":null}},"15":{"start":{"line":33,"column":75},"end":{"line":33,"column":84}},"16":{"start":{"line":34,"column":16},"end":{"line":34,"column":62}},"17":{"start":{"line":35,"column":3},"end":{"line":35,"column":41}},"18":{"start":{"line":37,"column":3},"end":{"line":37,"column":16}},"19":{"start":{"line":42,"column":2},"end":{"line":42,"column":48}},"20":{"start":{"line":12,"column":13},"end":{"line":44,"column":null}},"21":{"start":{"line":12,"column":13},"end":{"line":12,"column":24}}},"fnMap":{"0":{"name":"(anonymous_11)","decl":{"start":{"line":13,"column":1},"end":{"line":13,"column":null}},"loc":{"start":{"line":15,"column":73},"end":{"line":16,"column":5}}},"1":{"name":"(anonymous_12)","decl":{"start":{"line":18,"column":7},"end":{"line":18,"column":17}},"loc":{"start":{"line":18,"column":60},"end":{"line":28,"column":null}}},"2":{"name":"(anonymous_14)","decl":{"start":{"line":30,"column":7},"end":{"line":30,"column":19}},"loc":{"start":{"line":30,"column":53},"end":{"line":39,"column":null}}},"3":{"name":"(anonymous_16)","decl":{"start":{"line":41,"column":7},"end":{"line":41,"column":18}},"loc":{"start":{"line":41,"column":32},"end":{"line":43,"column":null}}}},"branchMap":{"0":{"loc":{"start":{"line":20,"column":2},"end":{"line":27,"column":null}},"type":"if","locations":[{"start":{"line":20,"column":2},"end":{"line":27,"column":null}},{"start":{"line":22,"column":9},"end":{"line":27,"column":null}}]},"1":{"loc":{"start":{"line":32,"column":2},"end":{"line":38,"column":null}},"type":"if","locations":[{"start":{"line":32,"column":2},"end":{"line":38,"column":null}},{"start":{"line":36,"column":9},"end":{"line":38,"column":null}}]}},"s":{"0":1,"1":1,"2":1,"3":1,"4":1,"5":1,"6":0,"7":0,"8":0,"9":0,"10":0,"11":0,"12":0,"13":3,"14":3,"15":2,"16":2,"17":2,"18":1,"19":1,"20":1,"21":1},"f":{"0":1,"1":0,"2":3,"3":1},"b":{"0":[0,0],"1":[2,1]}}
,"E:\\JS\\node-course\\express-start\\src\\users\\users.controller.ts": {"path":"E:\\JS\\node-course\\express-start\\src\\users\\users.controller.ts","statementMap":{"0":{"start":{"line":1,"column":0},"end":{"line":1,"column":59}},"1":{"start":{"line":4,"column":0},"end":{"line":4,"column":55}},"2":{"start":{"line":5,"column":0},"end":{"line":5,"column":76}},"3":{"start":{"line":7,"column":0},"end":{"line":7,"column":33}},"4":{"start":{"line":8,"column":0},"end":{"line":8,"column":26}},"5":{"start":{"line":10,"column":0},"end":{"line":10,"column":58}},"6":{"start":{"line":11,"column":0},"end":{"line":11,"column":52}},"7":{"start":{"line":13,"column":0},"end":{"line":13,"column":45}},"8":{"start":{"line":14,"column":0},"end":{"line":14,"column":67}},"9":{"start":{"line":17,"column":0},"end":{"line":17,"column":36}},"10":{"start":{"line":19,"column":0},"end":{"line":19,"column":61}},"11":{"start":{"line":22,"column":0},"end":{"line":107,"column":null}},"12":{"start":{"line":29,"column":2},"end":{"line":29,"column":23}},"13":{"start":{"line":24,"column":33},"end":{"line":24,"column":55}},"14":{"start":{"line":25,"column":37},"end":{"line":25,"column":62}},"15":{"start":{"line":26,"column":40},"end":{"line":26,"column":72}},"16":{"start":{"line":27,"column":39},"end":{"line":27,"column":68}},"17":{"start":{"line":30,"column":37},"end":{"line":49,"column":4}},"18":{"start":{"line":50,"column":2},"end":{"line":50,"column":26}},"19":{"start":{"line":58,"column":18},"end":{"line":58,"column":63}},"20":{"start":{"line":59,"column":2},"end":{"line":67,"column":null}},"21":{"start":{"line":60,"column":21},"end":{"line":60,"column":29}},"22":{"start":{"line":61,"column":19},"end":{"line":61,"column":56}},"23":{"start":{"line":62,"column":18},"end":{"line":62,"column":54}},"24":{"start":{"line":63,"column":15},"end":{"line":63,"column":48}},"25":{"start":{"line":64,"column":3},"end":{"line":64,"column":29}},"26":{"start":{"line":66,"column":3},"end":{"line":66,"column":52}},"27":{"start":{"line":75,"column":15},"end":{"line":75,"column":58}},"28":{"start":{"line":76,"column":2},"end":{"line":78,"column":null}},"29":{"start":{"line":77,"column":3},"end":{"line":77,"column":66}},"30":{"start":{"line":79,"column":2},"end":{"line":79,"column":51}},"31":{"start":{"line":83,"column":2},"end":{"line":89,"column":null}},"32":{"start":{"line":84,"column":22},"end":{"line":84,"column":62}},"33":{"start":{"line":85,"column":3},"end":{"line":86,"column":58}},"34":{"start":{"line":85,"column":13},"end":{"line":85,"column":42}},"35":{"start":{"line":86,"column":8},"end":{"line":86,"column":58}},"36":{"start":{"line":88,"column":3},"end":{"line":88,"column":61}},"37":{"start":{"line":93,"column":2},"end":{"line":105,"column":5}},"38":{"start":{"line":94,"column":3},"end":{"line":104,"column":5}},"39":{"start":{"line":99,"column":5},"end":{"line":101,"column":null}},"40":{"start":{"line":100,"column":6},"end":{"line":100,"column":15}},"41":{"start":{"line":102,"column":5},"end":{"line":102,"column":26}},"42":{"start":{"line":22,"column":13},"end":{"line":107,"column":null}},"43":{"start":{"line":22,"column":13},"end":{"line":22,"column":27}},"44":{"start":{"line":109,"column":13},"end":{"line":112,"column":3}},"45":{"start":{"line":110,"column":1},"end":{"line":110,"column":64}},"46":{"start":{"line":111,"column":1},"end":{"line":111,"column":55}}},"fnMap":{"0":{"name":"(anonymous_11)","decl":{"start":{"line":23,"column":1},"end":{"line":23,"column":null}},"loc":{"start":{"line":27,"column":68},"end":{"line":51,"column":2}}},"1":{"name":"(anonymous_12)","decl":{"start":{"line":53,"column":7},"end":{"line":53,"column":12}},"loc":{"start":{"line":56,"column":20},"end":{"line":68,"column":null}}},"2":{"name":"(anonymous_14)","decl":{"start":{"line":70,"column":7},"end":{"line":70,"column":15}},"loc":{"start":{"line":73,"column":20},"end":{"line":80,"column":null}}},"3":{"name":"(anonymous_16)","decl":{"start":{"line":82,"column":7},"end":{"line":82,"column":9}},"loc":{"start":{"line":82,"column":62},"end":{"line":90,"column":null}}},"4":{"name":"(anonymous_18)","decl":{"start":{"line":92,"column":9},"end":{"line":92,"column":16}},"loc":{"start":{"line":92,"column":46},"end":{"line":106,"column":2}}},"5":{"name":"(anonymous_19)","decl":{"start":{"line":93,"column":29},"end":{"line":93,"column":30}},"loc":{"start":{"line":93,"column":42},"end":{"line":105,"column":3}}},"6":{"name":"(anonymous_20)","decl":{"start":{"line":98,"column":4},"end":{"line":98,"column":5}},"loc":{"start":{"line":98,"column":19},"end":{"line":103,"column":5}}},"7":{"name":"(anonymous_21)","decl":{"start":{"line":109,"column":49},"end":{"line":109,"column":50}},"loc":{"start":{"line":109,"column":75},"end":{"line":112,"column":1}}}},"branchMap":{"0":{"loc":{"start":{"line":59,"column":2},"end":{"line":67,"column":null}},"type":"if","locations":[{"start":{"line":59,"column":2},"end":{"line":67,"column":null}},{"start":{"line":65,"column":9},"end":{"line":67,"column":null}}]},"1":{"loc":{"start":{"line":76,"column":2},"end":{"line":78,"column":null}},"type":"if","locations":[{"start":{"line":76,"column":2},"end":{"line":78,"column":null}}]},"2":{"loc":{"start":{"line":83,"column":2},"end":{"line":89,"column":null}},"type":"if","locations":[{"start":{"line":83,"column":2},"end":{"line":89,"column":null}},{"start":{"line":87,"column":9},"end":{"line":89,"column":null}}]},"3":{"loc":{"start":{"line":85,"column":3},"end":{"line":86,"column":58}},"type":"if","locations":[{"start":{"line":85,"column":3},"end":{"line":86,"column":58}},{"start":{"line":86,"column":8},"end":{"line":86,"column":58}}]},"4":{"loc":{"start":{"line":99,"column":5},"end":{"line":101,"column":null}},"type":"if","locations":[{"start":{"line":99,"column":5},"end":{"line":101,"column":null}}]}},"s":{"0":1,"1":1,"2":1,"3":1,"4":1,"5":1,"6":1,"7":1,"8":1,"9":1,"10":1,"11":1,"12":1,"13":1,"14":1,"15":1,"16":1,"17":1,"18":1,"19":3,"20":3,"21":2,"22":2,"23":2,"24":2,"25":2,"26":1,"27":0,"28":0,"29":0,"30":0,"31":1,"32":1,"33":1,"34":1,"35":0,"36":0,"37":2,"38":2,"39":2,"40":0,"41":2,"42":1,"43":1,"44":1,"45":1,"46":1},"f":{"0":1,"1":3,"2":0,"3":1,"4":2,"5":2,"6":2,"7":1},"b":{"0":[2,1],"1":[0],"2":[1,0],"3":[1,0],"4":[0]}}
,"E:\\JS\\node-course\\express-start\\src\\users\\users.repository.ts": {"path":"E:\\JS\\node-course\\express-start\\src\\users\\users.repository.ts","statementMap":{"0":{"start":{"line":4,"column":0},"end":{"line":4,"column":47}},"1":{"start":{"line":6,"column":0},"end":{"line":6,"column":33}},"2":{"start":{"line":9,"column":0},"end":{"line":29,"column":null}},"3":{"start":{"line":10,"column":50},"end":{"line":10,"column":79}},"4":{"start":{"line":13,"column":2},"end":{"line":19,"column":5}},"5":{"start":{"line":23,"column":2},"end":{"line":27,"column":5}},"6":{"start":{"line":9,"column":13},"end":{"line":29,"column":null}},"7":{"start":{"line":9,"column":13},"end":{"line":9,"column":28}}},"fnMap":{"0":{"name":"(anonymous_11)","decl":{"start":{"line":10,"column":1},"end":{"line":10,"column":14}},"loc":{"start":{"line":10,"column":79},"end":{"line":10,"column":83}}},"1":{"name":"(anonymous_12)","decl":{"start":{"line":12,"column":7},"end":{"line":12,"column":13}},"loc":{"start":{"line":12,"column":45},"end":{"line":20,"column":null}}},"2":{"name":"(anonymous_14)","decl":{"start":{"line":22,"column":7},"end":{"line":22,"column":11}},"loc":{"start":{"line":22,"column":25},"end":{"line":28,"column":null}}}},"branchMap":{},"s":{"0":1,"1":1,"2":1,"3":1,"4":0,"5":6,"6":1,"7":1},"f":{"0":1,"1":0,"2":6},"b":{}}
,"E:\\JS\\node-course\\express-start\\src\\users\\dto\\user.login.dto.ts": {"path":"E:\\JS\\node-course\\express-start\\src\\users\\dto\\user.login.dto.ts","statementMap":{"0":{"start":{"line":1,"column":0},"end":{"line":1,"column":52}},"1":{"start":{"line":5,"column":1},"end":{"line":5,"column":null}},"2":{"start":{"line":8,"column":1},"end":{"line":8,"column":null}},"3":{"start":{"line":3,"column":0},"end":{"line":3,"column":13}}},"fnMap":{},"branchMap":{},"s":{"0":1,"1":1,"2":1,"3":1},"f":{},"b":{}}
,"E:\\JS\\node-course\\express-start\\src\\users\\dto\\user.register.dto.ts": {"path":"E:\\JS\\node-course\\express-start\\src\\users\\dto\\user.register.dto.ts","statementMap":{"0":{"start":{"line":1,"column":0},"end":{"line":1,"column":52}},"1":{"start":{"line":5,"column":1},"end":{"line":5,"column":null}},"2":{"start":{"line":8,"column":1},"end":{"line":8,"column":null}},"3":{"start":{"line":11,"column":1},"end":{"line":11,"column":null}},"4":{"start":{"line":3,"column":0},"end":{"line":3,"column":13}}},"fnMap":{},"branchMap":{},"s":{"0":1,"1":1,"2":1,"3":1,"4":1},"f":{},"b":{}}
}
