TN:
SF:src\app.ts
FN:20,(anonymous_12)
FN:31,(anonymous_13)
FN:37,(anonymous_14)
FN:41,(anonymous_15)
FN:45,(anonymous_16)
FN:54,(anonymous_18)
FNF:6
FNH:6
FNDA:1,(anonymous_12)
FNDA:1,(anonymous_13)
FNDA:1,(anonymous_14)
FNDA:1,(anonymous_15)
FNDA:1,(anonymous_16)
FNDA:1,(anonymous_18)
DA:1,1
DA:3,1
DA:4,1
DA:6,1
DA:7,1
DA:8,1
DA:9,1
DA:11,1
DA:15,1
DA:21,1
DA:22,1
DA:23,1
DA:24,1
DA:25,1
DA:27,1
DA:28,1
DA:32,1
DA:33,1
DA:34,1
DA:38,1
DA:42,1
DA:46,1
DA:47,1
DA:48,1
DA:49,1
DA:50,1
DA:51,1
DA:55,1
LF:28
LH:28
BRF:0
BRH:0
end_of_record
TN:
SF:src\main.ts
FN:21,(anonymous_7)
FN:30,(anonymous_8)
FN:30,(anonymous_9)
FNF:3
FNH:3
FNDA:1,(anonymous_7)
FNDA:1,(anonymous_8)
FNDA:1,(anonymous_9)
DA:1,1
DA:2,1
DA:3,1
DA:4,1
DA:6,1
DA:8,1
DA:10,1
DA:12,1
DA:14,1
DA:21,1
DA:22,1
DA:23,1
DA:24,1
DA:25,1
DA:26,1
DA:27,1
DA:30,1
DA:31,1
DA:32,1
DA:33,1
DA:34,1
DA:35,1
DA:38,1
LF:23
LH:23
BRF:0
BRH:0
end_of_record
TN:
SF:src\types.ts
FNF:0
FNH:0
DA:1,1
LF:1
LH:1
BRF:0
BRH:0
end_of_record
TN:
SF:src\common\auth.middleware.ts
FN:6,(anonymous_0)
FN:8,(anonymous_1)
FN:11,(anonymous_2)
FNF:3
FNH:3
FNDA:1,(anonymous_0)
FNDA:5,(anonymous_1)
FNDA:1,(anonymous_2)
DA:3,1
DA:5,1
DA:6,1
DA:9,5
DA:10,1
DA:11,1
DA:12,1
DA:13,0
DA:14,1
DA:15,1
DA:16,1
DA:20,4
LF:12
LH:11
BRDA:9,0,0,1
BRDA:9,0,1,4
BRDA:12,1,0,0
BRDA:12,1,1,1
BRDA:14,2,0,1
BRF:5
BRH:4
end_of_record
TN:
SF:src\common\base.controller.ts
FN:13,(anonymous_2)
FN:18,(anonymous_3)
FN:22,(anonymous_4)
FN:27,(anonymous_5)
FN:31,(anonymous_6)
FN:35,(anonymous_7)
FN:38,(anonymous_8)
FNF:7
FNH:6
FNDA:1,(anonymous_2)
FNDA:4,(anonymous_3)
FNDA:3,(anonymous_4)
FNDA:3,(anonymous_5)
FNDA:0,(anonymous_6)
FNDA:1,(anonymous_7)
FNDA:3,(anonymous_8)
DA:1,1
DA:4,1
DA:5,1
DA:9,1
DA:14,1
DA:15,1
DA:19,4
DA:23,3
DA:24,3
DA:28,3
DA:32,0
DA:36,1
DA:37,3
DA:38,3
DA:39,3
DA:40,3
DA:41,3
LF:17
LH:16
BRDA:38,0,0,0
BRDA:38,0,1,3
BRDA:38,1,0,3
BRDA:38,1,1,3
BRDA:40,2,0,3
BRDA:40,2,1,0
BRF:6
BRH:4
end_of_record
TN:
SF:src\common\guard.middleware.ts
FN:5,(anonymous_0)
FNF:1
FNH:1
FNDA:1,(anonymous_0)
DA:4,1
DA:6,1
DA:7,1
DA:9,0
LF:4
LH:3
BRDA:6,0,0,1
BRF:1
BRH:1
end_of_record
TN:
SF:src\common\validate.middleware.ts
FN:9,(anonymous_2)
FN:11,(anonymous_3)
FN:13,(anonymous_4)
FNF:3
FNH:3
FNDA:2,(anonymous_2)
FNDA:4,(anonymous_3)
FNDA:4,(anonymous_4)
DA:3,1
DA:4,1
DA:5,1
DA:8,1
DA:9,2
DA:12,4
DA:13,4
DA:14,4
DA:15,1
DA:17,3
LF:10
LH:10
BRDA:14,0,0,1
BRDA:14,0,1,3
BRF:2
BRH:2
end_of_record
TN:
SF:src\config\config.service.ts
FN:11,(anonymous_4)
FN:20,(anonymous_5)
FNF:2
FNH:2
FNDA:1,(anonymous_4)
FNDA:3,(anonymous_5)
DA:2,1
DA:3,1
DA:4,1
DA:8,1
DA:11,1
DA:12,1
DA:13,1
DA:14,0
DA:16,1
DA:17,1
DA:21,3
LF:11
LH:10
BRDA:13,0,0,0
BRDA:13,0,1,1
BRF:2
BRH:1
end_of_record
TN:
SF:src\database\prisma.service.ts
FN:11,(anonymous_11)
FN:15,(anonymous_12)
FN:28,(anonymous_14)
FNF:3
FNH:2
FNDA:1,(anonymous_11)
FNDA:1,(anonymous_12)
FNDA:0,(anonymous_14)
DA:1,1
DA:2,1
DA:4,1
DA:8,1
DA:11,1
DA:12,1
DA:16,1
DA:17,1
DA:18,1
DA:20,0
DA:21,0
DA:29,0
LF:12
LH:9
BRDA:20,0,0,0
BRF:1
BRH:0
end_of_record
TN:
SF:src\errors\exception.filter.ts
FN:11,(anonymous_4)
FN:13,(anonymous_5)
FNF:2
FNH:2
FNDA:1,(anonymous_4)
FNDA:1,(anonymous_5)
DA:3,1
DA:4,1
DA:6,1
DA:7,1
DA:10,1
DA:11,1
DA:14,1
DA:15,1
DA:16,1
DA:18,0
DA:19,0
LF:11
LH:9
BRDA:14,0,0,1
BRDA:14,0,1,0
BRF:2
BRH:1
end_of_record
TN:
SF:src\errors\http-error.class.ts
FN:5,(anonymous_0)
FNF:1
FNH:1
FNDA:1,(anonymous_0)
DA:1,1
DA:6,1
DA:7,1
DA:8,1
DA:9,1
LF:5
LH:5
BRF:0
BRH:0
end_of_record
TN:
SF:src\logger\logger.service.ts
FN:10,(anonymous_2)
FN:19,(anonymous_3)
FN:23,(anonymous_4)
FN:27,(anonymous_5)
FNF:4
FNH:3
FNDA:1,(anonymous_2)
FNDA:6,(anonymous_3)
FNDA:1,(anonymous_4)
FNDA:0,(anonymous_5)
DA:1,1
DA:2,1
DA:4,1
DA:7,1
DA:11,1
DA:20,6
DA:24,1
DA:28,0
LF:8
LH:7
BRF:0
BRH:0
end_of_record
TN:
SF:src\users\user.entity.ts
FN:6,(anonymous_7)
FN:14,(anonymous_8)
FN:18,(anonymous_9)
FN:22,(anonymous_10)
FN:26,(anonymous_11)
FN:30,(anonymous_13)
FNF:6
FNH:3
FNDA:2,(anonymous_7)
FNDA:0,(anonymous_8)
FNDA:0,(anonymous_9)
FNDA:2,(anonymous_10)
FNDA:0,(anonymous_11)
FNDA:2,(anonymous_13)
DA:1,1
DA:3,1
DA:7,2
DA:8,2
DA:11,2
DA:15,0
DA:19,0
DA:23,2
DA:27,0
DA:31,2
LF:10
LH:7
BRDA:11,0,0,2
BRF:1
BRH:1
end_of_record
TN:
SF:src\users\user.service.ts
FN:13,(anonymous_11)
FN:18,(anonymous_12)
FN:30,(anonymous_14)
FN:41,(anonymous_16)
FNF:4
FNH:3
FNDA:1,(anonymous_11)
FNDA:0,(anonymous_12)
FNDA:3,(anonymous_14)
FNDA:1,(anonymous_16)
DA:4,1
DA:5,1
DA:6,1
DA:12,1
DA:14,1
DA:15,1
DA:19,0
DA:20,0
DA:21,0
DA:23,0
DA:24,0
DA:25,0
DA:26,0
DA:31,3
DA:32,3
DA:33,2
DA:34,2
DA:35,2
DA:37,1
DA:42,1
LF:20
LH:13
BRDA:20,0,0,0
BRDA:20,0,1,0
BRDA:32,1,0,2
BRDA:32,1,1,1
BRF:4
BRH:2
end_of_record
TN:
SF:src\users\users.controller.ts
FN:23,(anonymous_11)
FN:53,(anonymous_12)
FN:70,(anonymous_14)
FN:82,(anonymous_16)
FN:92,(anonymous_18)
FN:93,(anonymous_19)
FN:98,(anonymous_20)
FN:109,(anonymous_21)
FNF:8
FNH:7
FNDA:1,(anonymous_11)
FNDA:3,(anonymous_12)
FNDA:0,(anonymous_14)
FNDA:1,(anonymous_16)
FNDA:2,(anonymous_18)
FNDA:2,(anonymous_19)
FNDA:2,(anonymous_20)
FNDA:1,(anonymous_21)
DA:1,1
DA:4,1
DA:5,1
DA:7,1
DA:8,1
DA:10,1
DA:11,1
DA:13,1
DA:14,1
DA:17,1
DA:19,1
DA:22,1
DA:24,1
DA:25,1
DA:26,1
DA:27,1
DA:29,1
DA:30,1
DA:50,1
DA:58,3
DA:59,3
DA:60,2
DA:61,2
DA:62,2
DA:63,2
DA:64,2
DA:66,1
DA:75,0
DA:76,0
DA:77,0
DA:79,0
DA:83,1
DA:84,1
DA:85,1
DA:86,0
DA:88,0
DA:93,2
DA:94,2
DA:99,2
DA:100,0
DA:102,2
DA:109,1
DA:110,1
DA:111,1
LF:44
LH:37
BRDA:59,0,0,2
BRDA:59,0,1,1
BRDA:76,1,0,0
BRDA:83,2,0,1
BRDA:83,2,1,0
BRDA:85,3,0,1
BRDA:85,3,1,0
BRDA:99,4,0,0
BRF:8
BRH:4
end_of_record
TN:
SF:src\users\users.repository.ts
FN:10,(anonymous_11)
FN:12,(anonymous_12)
FN:22,(anonymous_14)
FNF:3
FNH:2
FNDA:1,(anonymous_11)
FNDA:0,(anonymous_12)
FNDA:6,(anonymous_14)
DA:4,1
DA:6,1
DA:9,1
DA:10,1
DA:13,0
DA:23,6
LF:6
LH:5
BRF:0
BRH:0
end_of_record
TN:
SF:src\users\dto\user.login.dto.ts
FNF:0
FNH:0
DA:1,1
DA:3,1
DA:5,1
DA:8,1
LF:4
LH:4
BRF:0
BRH:0
end_of_record
TN:
SF:src\users\dto\user.register.dto.ts
FNF:0
FNH:0
DA:1,1
DA:3,1
DA:5,1
DA:8,1
DA:11,1
LF:5
LH:5
BRF:0
BRH:0
end_of_record
